********************************************************************************
PACKAGE-LOG: 2015-02-14 05:47:54
NOTICE: Do NOT post to public sites or forums 
********************************************************************************
VERSION:	0.5.12
WORDPRESS:	4.1
PHP INFO:	5.3.0 | SAPI: apache2handler
SERVER:		Apache/2.2.12 (Win32) DAV/2 mod_ssl/2.2.12 OpenSSL/0.9.8k mod_autoindex_color PHP/5.3.0 mod_perl/2.0.4 Perl/v5.10.0 
PHP TIME LIMIT: (0) no time limit imposed 
PHP MAX MEMORY: 5000M (128M default) 
MEMORY STACK: 26.5MB 

********************************************************************************
DATABASE:
********************************************************************************
BUILD MODE:   PHP (query limit - 100)
MYSQLDUMP:    Is Supported
MYSQLTIMEOUT: 5000 
TABLES: total:26 | filtered:0 | create:26 
FILTERED: [] 
SQL CREATED: 20150214_gotogodavari_54dee13017efa8321150214054624_database.sql 
SQL FILE SIZE: 2.47MB 
SQL FILE TIME: 2015-02-14 05:47:57 
SQL RUNTIME: 3.02 sec. 

******************************************************************************** 
ARCHIVE (ZIP): 
******************************************************************************** 
ARCHIVE DIR:  C:/xampp/htdocs/gotogodavari 
ARCHIVE FILE: 20150214_gotogodavari_54dee13017efa8321150214054624_archive.zip 
FILTERS: *OFF* 
DIRS:  not set 
EXTS:  not set 
---------------------------------------- 
COMPRESSING 
SIZE:	47.44MB 
STATS:	Dirs 350 | Files 2,529 | Links 0 
SQL ADDED: 20150214_gotogodavari_54dee13017efa8321150214054624_database.sql 
ZipArchive Object
(
    [status] => 0
    [statusSys] => 0
    [numFiles] => 2879
    [filename] => C:\xampp\htdocs\gotogodavari\wp-snapshots\tmp\20150214_gotogodavari_54dee13017efa8321150214054624_archive.zip
    [comment] => 
)
 
COMPRESSION RESULT: '1' 
COMPRESSED SIZE: 28.5MB 
ARCHIVE RUNTIME: 28.54 sec. 
MEMORY STACK: 28.25MB 

******************************************************************************** 
MAKE INSTALLER: 
******************************************************************************** 
Build Start 
Build Finished 
Preping for use 
Template parsed with new data 
Complete [C:/xampp/htdocs/gotogodavari/wp-snapshots/tmp/20150214_gotogodavari_54dee13017efa8321150214054624_installer.php] 
Added to archive 

******************************************************************************** 
INTEGRITY CHECKS: 
******************************************************************************** 
SQL File: 2.47MB 
Installer File: 316.89KB 
Archive File: 28.5MB  

********************************************************************************
RECORD ID:[1]
TOTAL PROCESS RUNTIME: 36.99 sec.
PEAK PHP MEMORY USED: 30.25MB
DONE PROCESSING => 20150214_gotogodavari 2015-02-14 05:48:31
 
